Traceback (most recent call last):
  File "/mnt/e/Projects/Real-Time-Job-Apply-Portal/backend/.venv/bin/daphne", line 7, in <module>
    sys.exit(CommandLineInterface.entrypoint())
             ^^^^^^^^^^^^^^^^^^^^^^^^^^^^^^^^^
  File "/mnt/e/Projects/Real-Time-Job-Apply-Portal/backend/.venv/lib/python3.12/site-packages/daphne/cli.py", line 171, in entrypoint
    cls().run(sys.argv[1:])
  File "/mnt/e/Projects/Real-Time-Job-Apply-Portal/backend/.venv/lib/python3.12/site-packages/daphne/cli.py", line 233, in run
    application = import_by_path(args.application)
                  ^^^^^^^^^^^^^^^^^^^^^^^^^^^^^^^^
  File "/mnt/e/Projects/Real-Time-Job-Apply-Portal/backend/.venv/lib/python3.12/site-packages/daphne/utils.py", line 12, in import_by_path
    target = importlib.import_module(module_path)
             ^^^^^^^^^^^^^^^^^^^^^^^^^^^^^^^^^^^^
  File "/usr/lib/python3.12/importlib/__init__.py", line 90, in import_module
    return _bootstrap._gcd_import(name[level:], package, level)
           ^^^^^^^^^^^^^^^^^^^^^^^^^^^^^^^^^^^^^^^^^^^^^^^^^^^^
  File "<frozen importlib._bootstrap>", line 1387, in _gcd_import
  File "<frozen importlib._bootstrap>", line 1360, in _find_and_load
  File "<frozen importlib._bootstrap>", line 1331, in _find_and_load_unlocked
  File "<frozen importlib._bootstrap>", line 935, in _load_unlocked
  File "<frozen importlib._bootstrap_external>", line 995, in exec_module
  File "<frozen importlib._bootstrap>", line 488, in _call_with_frames_removed
  File "/mnt/e/Projects/Real-Time-Job-Apply-Portal/backend/jobportal/asgi.py", line 9, in <module>
    import accounts.routing
  File "/mnt/e/Projects/Real-Time-Job-Apply-Portal/backend/accounts/routing.py", line 2, in <module>
    from .consumers import NotificationConsumer
  File "/mnt/e/Projects/Real-Time-Job-Apply-Portal/backend/accounts/consumers.py", line 4, in <module>
    from django.contrib.auth.models import User
  File "/mnt/e/Projects/Real-Time-Job-Apply-Portal/backend/.venv/lib/python3.12/site-packages/django/contrib/auth/models.py", line 3, in <module>
    from django.contrib.auth.base_user import AbstractBaseUser, BaseUserManager
  File "/mnt/e/Projects/Real-Time-Job-Apply-Portal/backend/.venv/lib/python3.12/site-packages/django/contrib/auth/base_user.py", line 57, in <module>
    class AbstractBaseUser(models.Model):
  File "/mnt/e/Projects/Real-Time-Job-Apply-Portal/backend/.venv/lib/python3.12/site-packages/django/db/models/base.py", line 129, in __new__
    app_config = apps.get_containing_app_config(module)
                 ^^^^^^^^^^^^^^^^^^^^^^^^^^^^^^^^^^^^^^
  File "/mnt/e/Projects/Real-Time-Job-Apply-Portal/backend/.venv/lib/python3.12/site-packages/django/apps/registry.py", line 260, in get_containing_app_config
    self.check_apps_ready()
  File "/mnt/e/Projects/Real-Time-Job-Apply-Portal/backend/.venv/lib/python3.12/site-packages/django/apps/registry.py", line 138, in check_apps_ready
    raise AppRegistryNotReady("Apps aren't loaded yet.")
django.core.exceptions.AppRegistryNotReady: Apps aren't loaded yet.
